<?xml version="1.0" encoding="UTF-8"?>
<!-- Generated by org.testng.reporters.JUnitReportReporter -->
<testsuite skipped="0" hostname="Naumans-PC" name="gov.uk.check.visa.testsuite.VisaConfirmationTest" tests="1" failures="0" timestamp="2022-12-16T20:37:28 GMT" time="8.452" errors="0">
  <testcase name="aChileanComingToTheUKForWorkAndPlansOnStayingForLongerThanSixMonths" time="8.452" classname="gov.uk.check.visa.testsuite.VisaConfirmationTest"/>
  <system-out>
    <![CDATA[Click on Start Now Button [[ChromeDriver: chrome on WINDOWS (cf315fca39ff95be7ad2778ba2abe39d)] -> xpath: //a[@class='gem-c-button govuk-button govuk-button--start']]
Select Nationality [[ChromeDriver: chrome on WINDOWS (cf315fca39ff95be7ad2778ba2abe39d)] -> xpath: //select[@id='response']]
Click on Next Step Button [[ChromeDriver: chrome on WINDOWS (cf315fca39ff95be7ad2778ba2abe39d)] -> xpath: //button[@class='gem-c-button govuk-button gem-c-button--bottom-margin']]
Click on Continue Button [[ChromeDriver: chrome on WINDOWS (cf315fca39ff95be7ad2778ba2abe39d)] -> xpath: //button[contains(text(),'Continue')]]
Click on Next Step Button[[ChromeDriver: chrome on WINDOWS (cf315fca39ff95be7ad2778ba2abe39d)] -> xpath: //button[contains(text(),'Continue')]]
Click on Continue Button [[ChromeDriver: chrome on WINDOWS (cf315fca39ff95be7ad2778ba2abe39d)] -> xpath: //button[contains(text(),'Continue')]]
Confirm Result Message [[ChromeDriver: chrome on WINDOWS (cf315fca39ff95be7ad2778ba2abe39d)] -> xpath: //h2[@class='gem-c-heading gem-c-heading--font-size-27 govuk-!-margin-bottom-6']]
Click to see screenshot
<a target = "_blank" href=C:\Users\nik_7\IdeaProjects\home-office-visa-check-nauman/test-output/html/aChileanComingToTheUKForWorkAndPlansOnStayingForLongerThanSixMonthsFri_Dec_16_20_37_27_GMT_2022.jpg>Screenshot</a>
<br>
<br>
<a target = "_blank" href=C:\Users\nik_7\IdeaProjects\home-office-visa-check-nauman/test-output/html/aChileanComingToTheUKForWorkAndPlansOnStayingForLongerThanSixMonthsFri_Dec_16_20_37_27_GMT_2022.jpg><img src=C:\Users\nik_7\IdeaProjects\home-office-visa-check-nauman/test-output/html/aChileanComingToTheUKForWorkAndPlansOnStayingForLongerThanSixMonthsFri_Dec_16_20_37_27_GMT_2022.jpg height=200 width=200></img></a>]]>
  </system-out>
</testsuite> <!-- gov.uk.check.visa.testsuite.VisaConfirmationTest -->
